<?xml version="1.0" encoding="UTF-8"?>
<testng-results skipped="0" failed="0" ignored="0" total="1" passed="1">
  <reporter-output>
  </reporter-output>
  <suite name="Default suite" duration-ms="13276" started-at="2018-09-26T09:49:51Z" finished-at="2018-09-26T09:50:04Z">
    <groups>
    </groups>
    <test name="Default test" duration-ms="13276" started-at="2018-09-26T09:49:51Z" finished-at="2018-09-26T09:50:04Z">
      <class name="qr.QRTest">
        <test-method status="PASS" signature="setup()[pri:0, instance:qr.QRTest@8646db9]" name="setup" is-config="true" duration-ms="634" started-at="2018-09-26T09:49:51Z" finished-at="2018-09-26T09:49:51Z">
          <reporter-output>
          </reporter-output>
        </test-method> <!-- setup -->
        <test-method status="PASS" signature="methodSetUp()[pri:0, instance:qr.QRTest@8646db9]" name="methodSetUp" is-config="true" duration-ms="3461" started-at="2018-09-26T09:49:51Z" finished-at="2018-09-26T09:49:55Z">
          <reporter-output>
          </reporter-output>
        </test-method> <!-- methodSetUp -->
        <test-method status="PASS" signature="readQRCodeFromURL()[pri:0, instance:qr.QRTest@8646db9]" name="readQRCodeFromURL" duration-ms="8529" started-at="2018-09-26T09:49:55Z" finished-at="2018-09-26T09:50:03Z">
          <reporter-output>
          </reporter-output>
        </test-method> <!-- readQRCodeFromURL -->
        <test-method status="PASS" signature="tearDown()[pri:0, instance:qr.QRTest@8646db9]" name="tearDown" is-config="true" duration-ms="613" started-at="2018-09-26T09:50:03Z" finished-at="2018-09-26T09:50:04Z">
          <reporter-output>
          </reporter-output>
        </test-method> <!-- tearDown -->
      </class> <!-- qr.QRTest -->
    </test> <!-- Default test -->
  </suite> <!-- Default suite -->
</testng-results>
