<?xml version="1.0" encoding="UTF-8"?>
<testng-results skipped="0" failed="0" ignored="0" total="1" passed="1">
  <reporter-output>
  </reporter-output>
  <suite name="Default suite" duration-ms="4348" started-at="2018-09-24T15:27:12Z" finished-at="2018-09-24T15:27:17Z">
    <groups>
    </groups>
    <test name="Default test" duration-ms="4348" started-at="2018-09-24T15:27:12Z" finished-at="2018-09-24T15:27:17Z">
      <class name="qr.QRTest">
        <test-method status="PASS" signature="setup()[pri:0, instance:qr.QRTest@8646db9]" name="setup" is-config="true" duration-ms="612" started-at="2018-09-24T15:27:12Z" finished-at="2018-09-24T15:27:13Z">
          <reporter-output>
          </reporter-output>
        </test-method> <!-- setup -->
        <test-method status="PASS" signature="methodSetUp()[pri:0, instance:qr.QRTest@8646db9]" name="methodSetUp" is-config="true" duration-ms="2713" started-at="2018-09-24T15:27:13Z" finished-at="2018-09-24T15:27:16Z">
          <reporter-output>
          </reporter-output>
        </test-method> <!-- methodSetUp -->
        <test-method status="PASS" signature="readQRCodeFromURL()[pri:0, instance:qr.QRTest@8646db9]" name="readQRCodeFromURL" duration-ms="371" started-at="2018-09-24T15:27:16Z" finished-at="2018-09-24T15:27:16Z">
          <reporter-output>
          </reporter-output>
        </test-method> <!-- readQRCodeFromURL -->
        <test-method status="PASS" signature="tearDown()[pri:0, instance:qr.QRTest@8646db9]" name="tearDown" is-config="true" duration-ms="640" started-at="2018-09-24T15:27:16Z" finished-at="2018-09-24T15:27:17Z">
          <reporter-output>
          </reporter-output>
        </test-method> <!-- tearDown -->
      </class> <!-- qr.QRTest -->
    </test> <!-- Default test -->
  </suite> <!-- Default suite -->
</testng-results>
